<?xml version="1.0" encoding="UTF-8"?>
<!-- Generated by org.testng.reporters.JUnitXMLReporter -->
<testsuite hostname="PC351160" ignored="4" name="Test" tests="1" failures="0" timestamp="07 Mar 2017 14:38:52 GMT" time="2.758" errors="0">
  <testcase name="@BeforeTest setupData" time="2.722" classname="com.comcast.utils.ComcastTest">
    <failure type="java.lang.NullPointerException">
      <![CDATA[java.lang.NullPointerException
	at com.comcast.utils.ComcastTest.setupData(ComcastTest.java:151)
... Removed 23 stack frames]]>
    </failure>
  </testcase> <!-- @BeforeTest setupData -->
  <testcase name="@BeforeTest prerequisite" time="0.0" classname="com.comcast.bulkOM.X1_DVRDCT">
    <skipped/>
  </testcase> <!-- @BeforeTest prerequisite -->
  <testcase name="@BeforeClass beforeTest_startTestMain" time="0.0" classname="com.comcast.utils.ComcastTest">
    <skipped/>
  </testcase> <!-- @BeforeClass beforeTest_startTestMain -->
  <testcase name="@BeforeMethod getTestName" time="0.0" classname="com.comcast.bulkOM.X1_DVRDCT">
    <skipped/>
  </testcase> <!-- @BeforeMethod getTestName -->
  <testcase name="@AfterTest Cleanup" time="0.0" classname="com.comcast.bulkOM.X1_DVRDCT">
    <skipped/>
  </testcase> <!-- @AfterTest Cleanup -->
  <testcase name="@AfterTest tearDown" time="0.0" classname="com.comcast.utils.ComcastTest">
    <skipped/>
  </testcase> <!-- @AfterTest tearDown -->
  <testcase name="ValidateX1_DVRDCT_CSGResidential_1" time="0.0" classname="com.comcast.bulkOM.X1_DVRDCT">
    <skipped/>
  </testcase> <!-- ValidateX1_DVRDCT_CSGResidential_1 -->
  <testcase name="ValidateX1_DVRDCT_CSGResidential_3" time="0.0" classname="com.comcast.bulkOM.X1_DVRDCT">
    <ignored/>
  </testcase> <!-- ValidateX1_DVRDCT_CSGResidential_3 -->
  <testcase name="ValidateX1_DVRDCT_CSGResidential_4" time="0.0" classname="com.comcast.bulkOM.X1_DVRDCT">
    <ignored/>
  </testcase> <!-- ValidateX1_DVRDCT_CSGResidential_4 -->
  <testcase name="ValidateX1_DVRDCT_CSGResidential_5" time="0.0" classname="com.comcast.bulkOM.X1_DVRDCT">
    <ignored/>
  </testcase> <!-- ValidateX1_DVRDCT_CSGResidential_5 -->
  <testcase name="ValidateX1_DVRDCT_CSGResidential_2" time="0.0" classname="com.comcast.bulkOM.X1_DVRDCT">
    <ignored/>
  </testcase> <!-- ValidateX1_DVRDCT_CSGResidential_2 -->
</testsuite> <!-- Test -->
