<?xml version="1.0" encoding="UTF-8"?>
<!-- Generated by org.testng.reporters.JUnitXMLReporter -->
<testsuite hostname="LT044891" ignored="2" name="ValidateX1_DVRDCT_CSGResidential_3" tests="1" failures="1" timestamp="10 Mar 2017 15:48:24 GMT" time="143.659" errors="0">
  <testcase name="ValidateX1_DVRDCT_CSGResidential_3" time="94.48" classname="com.comcast.bulkOM.X1_DVRDCT">
    <failure type="java.lang.AssertionError" message="Upload file is not selected.">
      <![CDATA[java.lang.AssertionError: Upload file is not selected.
	at com.comcast.reporting.Report.updateTestLog(Report.java:222)
	at com.comcast.utils.SeleniumReport.reportFailEvent(SeleniumReport.java:114)
	at com.comcast.bom.pages.BomHomePage.HandleAlertForSubmitSwap(BomHomePage.java:197)
	at com.comcast.bom.pages.BomHomePage.enterAccountForX1(BomHomePage.java:180)
	at com.comcast.bulkOM.X1_DVRDCT.ValidateX1_DVRDCT_CSGResidential_3(X1_DVRDCT.java:129)
	at java.util.concurrent.FutureTask.run(Unknown Source)
	at java.util.concurrent.ThreadPoolExecutor.runWorker(Unknown Source)
	at java.util.concurrent.ThreadPoolExecutor$Worker.run(Unknown Source)
	at java.lang.Thread.run(Unknown Source)
... Removed 17 stack frames]]>
    </failure>
  </testcase> <!-- ValidateX1_DVRDCT_CSGResidential_3 -->
  <testcase name="ValidateX1_DVRDCT_CSGResidential_1" time="0.0" classname="com.comcast.bulkOM.X1_DVRDCT">
    <ignored/>
  </testcase> <!-- ValidateX1_DVRDCT_CSGResidential_1 -->
  <testcase name="ValidateX1_DVRDCT_CSGResidential_2" time="0.0" classname="com.comcast.bulkOM.X1_DVRDCT">
    <ignored/>
  </testcase> <!-- ValidateX1_DVRDCT_CSGResidential_2 -->
</testsuite> <!-- ValidateX1_DVRDCT_CSGResidential_3 -->
