<?xml version="1.0" encoding="UTF-8"?>
<!-- Generated by org.testng.reporters.JUnitXMLReporter -->
<testsuite hostname="LT044891" ignored="2" name="ValidateX1_DVRDCT_CSGResidential_1" tests="1" failures="1" timestamp="10 Mar 2017 15:48:52 GMT" time="171.868" errors="0">
  <testcase name="@AfterTest Cleanup" time="0.0" classname="com.comcast.bulkOM.X1_DVRDCT">
    <failure type="java.lang.AssertionError" message="Exception Ocured :null">
      <![CDATA[java.lang.AssertionError: Exception Ocured :null
	at com.comcast.reporting.Report.updateTestLog(Report.java:222)
	at com.comcast.utils.SeleniumReport.reportFailEvent(SeleniumReport.java:114)
	at com.comcast.bom.data.Mongoconnect.BulkomDBCleanup(Mongoconnect.java:590)
	at com.comcast.bulkOM.X1_DVRDCT.Cleanup(X1_DVRDCT.java:186)
	at java.util.concurrent.FutureTask.run(Unknown Source)
	at java.util.concurrent.ThreadPoolExecutor.runWorker(Unknown Source)
	at java.util.concurrent.ThreadPoolExecutor$Worker.run(Unknown Source)
	at java.lang.Thread.run(Unknown Source)
... Removed 15 stack frames]]>
    </failure>
  </testcase> <!-- @AfterTest Cleanup -->
  <testcase name="@AfterTest tearDown" time="0.0" classname="com.comcast.utils.ComcastTest">
    <skipped/>
  </testcase> <!-- @AfterTest tearDown -->
  <testcase name="ValidateX1_DVRDCT_CSGResidential_1" time="122.996" classname="com.comcast.bulkOM.X1_DVRDCT">
    <failure type="java.lang.AssertionError" message="true">
      <![CDATA[java.lang.AssertionError: true
	at com.comcast.reporting.Report.updateTestLog(Report.java:222)
	at com.comcast.utils.SeleniumReport.reportFailEvent(SeleniumReport.java:114)
	at com.comcast.bom.data.Mongoconnect.postsubmission_CheckEligibility_X1(Mongoconnect.java:187)
	at com.comcast.bulkOM.X1_DVRDCT.ValidateX1_DVRDCT_CSGResidential_1(X1_DVRDCT.java:81)
	at java.util.concurrent.FutureTask.run(Unknown Source)
	at java.util.concurrent.ThreadPoolExecutor.runWorker(Unknown Source)
	at java.util.concurrent.ThreadPoolExecutor$Worker.run(Unknown Source)
	at java.lang.Thread.run(Unknown Source)
... Removed 17 stack frames]]>
    </failure>
  </testcase> <!-- ValidateX1_DVRDCT_CSGResidential_1 -->
  <testcase name="ValidateX1_DVRDCT_CSGResidential_3" time="0.0" classname="com.comcast.bulkOM.X1_DVRDCT">
    <ignored/>
  </testcase> <!-- ValidateX1_DVRDCT_CSGResidential_3 -->
  <testcase name="ValidateX1_DVRDCT_CSGResidential_2" time="0.0" classname="com.comcast.bulkOM.X1_DVRDCT">
    <ignored/>
  </testcase> <!-- ValidateX1_DVRDCT_CSGResidential_2 -->
</testsuite> <!-- ValidateX1_DVRDCT_CSGResidential_1 -->
